[debug] [2024-07-29T22:07:19.750Z] ----------------------------------------------------------------------
[debug] [2024-07-29T22:07:19.752Z] Command:       /opt/homebrew/Cellar/node/22.5.1/bin/node /opt/homebrew/bin/firebase init hosting
[debug] [2024-07-29T22:07:19.752Z] CLI Version:   13.14.2
[debug] [2024-07-29T22:07:19.752Z] Platform:      darwin
[debug] [2024-07-29T22:07:19.752Z] Node Version:  v22.5.1
[debug] [2024-07-29T22:07:19.753Z] Time:          Mon Jul 29 2024 15:07:19 GMT-0700 (Pacific Daylight Time)
[debug] [2024-07-29T22:07:19.753Z] ----------------------------------------------------------------------
[debug] 
[debug] [2024-07-29T22:07:19.785Z] > command requires scopes: ["email","openid","https://www.googleapis.com/auth/cloudplatformprojects.readonly","https://www.googleapis.com/auth/firebase","https://www.googleapis.com/auth/cloud-platform"]
[debug] [2024-07-29T22:07:19.785Z] > authorizing via signed-in user (hunterperc3r@gmail.com)
[info] 
     ######## #### ########  ######## ########     ###     ######  ########
     ##        ##  ##     ## ##       ##     ##  ##   ##  ##       ##
     ######    ##  ########  ######   ########  #########  ######  ######
     ##        ##  ##    ##  ##       ##     ## ##     ##       ## ##
     ##       #### ##     ## ######## ########  ##     ##  ######  ########

You're about to initialize a Firebase project in this directory:

  /Applications/interview_problems/quattronkids_backend

Before we get started, keep in mind:

  * You are currently outside your home directory
  * You are initializing within an existing Firebase project directory

[info] 
=== Project Setup
[info] 
[info] First, let's associate this project directory with a Firebase project.
[info] You can create multiple project aliases by running firebase use --add, 
[info] but for now we'll just set up a default project.
[info] 
[debug] [2024-07-29T22:07:19.786Z] Using project from CLI flag: interviewebsite
[debug] [2024-07-29T22:07:19.787Z] >>> [apiv2][query] GET https://firebase.googleapis.com/v1beta1/projects/interviewebsite [none]
[debug] [2024-07-29T22:07:20.201Z] <<< [apiv2][status] GET https://firebase.googleapis.com/v1beta1/projects/interviewebsite 200
[debug] [2024-07-29T22:07:20.201Z] <<< [apiv2][body] GET https://firebase.googleapis.com/v1beta1/projects/interviewebsite {"projectId":"interviewebsite","projectNumber":"458737296748","displayName":"InterviewWebsite","name":"projects/interviewebsite","resources":{"hostingSite":"interviewebsite","realtimeDatabaseInstance":"interviewebsite-default-rtdb","storageBucket":"interviewebsite.appspot.com","locationId":"us-west2"},"state":"ACTIVE","etag":"1_4d8d035f-bc1a-4604-86e0-663a871f5ccd"}
[info] i  Using project interviewebsite (InterviewWebsite) 
[info] 
=== Hosting Setup
[debug] [2024-07-29T22:07:20.207Z] >>> [apiv2][query] GET https://firebase.googleapis.com/v1beta1/projects/interviewebsite [none]
[debug] [2024-07-29T22:07:20.382Z] <<< [apiv2][status] GET https://firebase.googleapis.com/v1beta1/projects/interviewebsite 200
[debug] [2024-07-29T22:07:20.382Z] <<< [apiv2][body] GET https://firebase.googleapis.com/v1beta1/projects/interviewebsite {"projectId":"interviewebsite","projectNumber":"458737296748","displayName":"InterviewWebsite","name":"projects/interviewebsite","resources":{"hostingSite":"interviewebsite","realtimeDatabaseInstance":"interviewebsite-default-rtdb","storageBucket":"interviewebsite.appspot.com","locationId":"us-west2"},"state":"ACTIVE","etag":"1_4d8d035f-bc1a-4604-86e0-663a871f5ccd"}
[info] 
[info] Your public directory is the folder (relative to your project directory) that
[info] will contain Hosting assets to be uploaded with firebase deploy. If you
[info] have a build process for your assets, use your build's output directory.
[info] 
